2016/08/16 13:53:52 g.ParseConfig ok, file cfg.json
2016/08/16 13:53:52 proc.Start, ok
2016/08/16 13:53:52 graph.Start ok
2016/08/16 13:53:52 http.Start ok, listening on 0.0.0.0:9966
2016/08/16 13:54:05 Error = Get http://127.0.0.1:8081/api/endpoints?q=&tags&limit=500&_r=0.10503882&regex_query=1: dial tcp 127.0.0.1:8081: connection refused
2016/08/16 13:54:05 http: panic serving 127.0.0.1:57850: runtime error: invalid memory address or nil pointer dereference
goroutine 20 [running]:
net/http.func·011()
	/home/xiaoju/go/src/net/http/server.go:1130 +0xbb
github.com/open-falcon/query/http.getRequest(0x7facd3ae97b0, 0xc20804eaa0, 0xc20805e300, 0x51)
	/home/xiaoju/gopath/src/github.com/open-falcon/query/http/api.go:54 +0x512
github.com/open-falcon/query/http.dashboardEndpoints(0x7facd3ae97b0, 0xc20804eaa0, 0xc2080f61a0)
	/home/xiaoju/gopath/src/github.com/open-falcon/query/http/api.go:63 +0xae
net/http.HandlerFunc.ServeHTTP(0x8c2b80, 0x7facd3ae97b0, 0xc20804eaa0, 0xc2080f61a0)
	/home/xiaoju/go/src/net/http/server.go:1265 +0x41
net/http.(*ServeMux).ServeHTTP(0xc20800a870, 0x7facd3ae97b0, 0xc20804eaa0, 0xc2080f61a0)
	/home/xiaoju/go/src/net/http/server.go:1541 +0x17d
net/http.serverHandler.ServeHTTP(0xc20805e120, 0x7facd3ae97b0, 0xc20804eaa0, 0xc2080f61a0)
	/home/xiaoju/go/src/net/http/server.go:1703 +0x19a
net/http.(*conn).serve(0xc2080e8140)
	/home/xiaoju/go/src/net/http/server.go:1204 +0xb57
created by net/http.(*Server).Serve
	/home/xiaoju/go/src/net/http/server.go:1751 +0x35e
2016/08/16 13:54:05 http: panic serving 112.74.16.228:60763: runtime error: invalid memory address or nil pointer dereference
goroutine 17 [running]:
net/http.func·011()
	/home/xiaoju/go/src/net/http/server.go:1130 +0xbb
github.com/open-falcon/query/http.getHosts(0x7facd3ae97b0, 0xc2080e80a0, 0xc2080f6000, 0xc20807855e, 0x0)
	/home/xiaoju/gopath/src/github.com/open-falcon/query/http/grafana.go:70 +0xc0a
github.com/open-falcon/query/http.setQueryEditor(0x7facd3ae97b0, 0xc2080e80a0, 0xc2080f6000)
	/home/xiaoju/gopath/src/github.com/open-falcon/query/http/grafana.go:183 +0x1f5
github.com/open-falcon/query/http.GrafanaApiParser(0x7facd3ae97b0, 0xc2080e80a0, 0xc2080f6000)
	/home/xiaoju/gopath/src/github.com/open-falcon/query/http/grafana.go:277 +0x90
net/http.HandlerFunc.ServeHTTP(0x8c2b68, 0x7facd3ae97b0, 0xc2080e80a0, 0xc2080f6000)
	/home/xiaoju/go/src/net/http/server.go:1265 +0x41
net/http.(*ServeMux).ServeHTTP(0xc20800a870, 0x7facd3ae97b0, 0xc2080e80a0, 0xc2080f6000)
	/home/xiaoju/go/src/net/http/server.go:1541 +0x17d
net/http.serverHandler.ServeHTTP(0xc20805e120, 0x7facd3ae97b0, 0xc2080e80a0, 0xc2080f6000)
	/home/xiaoju/go/src/net/http/server.go:1703 +0x19a
net/http.(*conn).serve(0xc2080e8000)
	/home/xiaoju/go/src/net/http/server.go:1204 +0xb57
created by net/http.(*Server).Serve
	/home/xiaoju/go/src/net/http/server.go:1751 +0x35e
2016/08/16 13:54:33 Error = Get http://127.0.0.1:8081/api/endpoints?q=&tags&limit=500&_r=0.36417678&regex_query=1: dial tcp 127.0.0.1:8081: connection refused
2016/08/16 13:54:33 http: panic serving 127.0.0.1:57859: runtime error: invalid memory address or nil pointer dereference
goroutine 14 [running]:
net/http.func·011()
	/home/xiaoju/go/src/net/http/server.go:1130 +0xbb
github.com/open-falcon/query/http.getRequest(0x7facd3ae97b0, 0xc20804e320, 0xc2080ea8a0, 0x51)
	/home/xiaoju/gopath/src/github.com/open-falcon/query/http/api.go:54 +0x512
github.com/open-falcon/query/http.dashboardEndpoints(0x7facd3ae97b0, 0xc20804e320, 0xc2080f6750)
	/home/xiaoju/gopath/src/github.com/open-falcon/query/http/api.go:63 +0xae
net/http.HandlerFunc.ServeHTTP(0x8c2b80, 0x7facd3ae97b0, 0xc20804e320, 0xc2080f6750)
	/home/xiaoju/go/src/net/http/server.go:1265 +0x41
net/http.(*ServeMux).ServeHTTP(0xc20800a870, 0x7facd3ae97b0, 0xc20804e320, 0xc2080f6750)
	/home/xiaoju/go/src/net/http/server.go:1541 +0x17d
net/http.serverHandler.ServeHTTP(0xc20805e120, 0x7facd3ae97b0, 0xc20804e320, 0xc2080f6750)
	/home/xiaoju/go/src/net/http/server.go:1703 +0x19a
net/http.(*conn).serve(0xc20804e0a0)
	/home/xiaoju/go/src/net/http/server.go:1204 +0xb57
created by net/http.(*Server).Serve
	/home/xiaoju/go/src/net/http/server.go:1751 +0x35e
2016/08/16 13:54:33 http: panic serving 112.74.16.228:60772: runtime error: invalid memory address or nil pointer dereference
goroutine 21 [running]:
net/http.func·011()
	/home/xiaoju/go/src/net/http/server.go:1130 +0xbb
github.com/open-falcon/query/http.getHosts(0x7facd3ae97b0, 0xc20804e000, 0xc2080f64e0, 0xc20800b84e, 0x0)
	/home/xiaoju/gopath/src/github.com/open-falcon/query/http/grafana.go:70 +0xc0a
github.com/open-falcon/query/http.setQueryEditor(0x7facd3ae97b0, 0xc20804e000, 0xc2080f64e0)
	/home/xiaoju/gopath/src/github.com/open-falcon/query/http/grafana.go:183 +0x1f5
github.com/open-falcon/query/http.GrafanaApiParser(0x7facd3ae97b0, 0xc20804e000, 0xc2080f64e0)
	/home/xiaoju/gopath/src/github.com/open-falcon/query/http/grafana.go:277 +0x90
net/http.HandlerFunc.ServeHTTP(0x8c2b68, 0x7facd3ae97b0, 0xc20804e000, 0xc2080f64e0)
	/home/xiaoju/go/src/net/http/server.go:1265 +0x41
net/http.(*ServeMux).ServeHTTP(0xc20800a870, 0x7facd3ae97b0, 0xc20804e000, 0xc2080f64e0)
	/home/xiaoju/go/src/net/http/server.go:1541 +0x17d
net/http.serverHandler.ServeHTTP(0xc20805e120, 0x7facd3ae97b0, 0xc20804e000, 0xc2080f64e0)
	/home/xiaoju/go/src/net/http/server.go:1703 +0x19a
net/http.(*conn).serve(0xc2080e81e0)
	/home/xiaoju/go/src/net/http/server.go:1204 +0xb57
created by net/http.(*Server).Serve
	/home/xiaoju/go/src/net/http/server.go:1751 +0x35e
2016/08/16 13:55:21 Error = Get http://127.0.0.1:8081/api/endpoints?q=&tags&limit=500&_r=0.8118343&regex_query=1: dial tcp 127.0.0.1:8081: connection refused
2016/08/16 13:55:21 http: panic serving 127.0.0.1:57871: runtime error: invalid memory address or nil pointer dereference
goroutine 25 [running]:
net/http.func·011()
	/home/xiaoju/go/src/net/http/server.go:1130 +0xbb
github.com/open-falcon/query/http.getRequest(0x7facd3ae97b0, 0xc2080e83c0, 0xc20803c960, 0x50)
	/home/xiaoju/gopath/src/github.com/open-falcon/query/http/api.go:54 +0x512
github.com/open-falcon/query/http.dashboardEndpoints(0x7facd3ae97b0, 0xc2080e83c0, 0xc2080345b0)
	/home/xiaoju/gopath/src/github.com/open-falcon/query/http/api.go:63 +0xae
net/http.HandlerFunc.ServeHTTP(0x8c2b80, 0x7facd3ae97b0, 0xc2080e83c0, 0xc2080345b0)
	/home/xiaoju/go/src/net/http/server.go:1265 +0x41
net/http.(*ServeMux).ServeHTTP(0xc20800a870, 0x7facd3ae97b0, 0xc2080e83c0, 0xc2080345b0)
	/home/xiaoju/go/src/net/http/server.go:1541 +0x17d
net/http.serverHandler.ServeHTTP(0xc20805e120, 0x7facd3ae97b0, 0xc2080e83c0, 0xc2080345b0)
	/home/xiaoju/go/src/net/http/server.go:1703 +0x19a
net/http.(*conn).serve(0xc2080e8320)
	/home/xiaoju/go/src/net/http/server.go:1204 +0xb57
created by net/http.(*Server).Serve
	/home/xiaoju/go/src/net/http/server.go:1751 +0x35e
2016/08/16 13:55:21 http: panic serving 112.74.16.228:60784: runtime error: invalid memory address or nil pointer dereference
goroutine 22 [running]:
net/http.func·011()
	/home/xiaoju/go/src/net/http/server.go:1130 +0xbb
github.com/open-falcon/query/http.getHosts(0x7facd3ae97b0, 0xc20804e3c0, 0xc208034410, 0xc20808a52e, 0x0)
	/home/xiaoju/gopath/src/github.com/open-falcon/query/http/grafana.go:70 +0xc0a
github.com/open-falcon/query/http.setQueryEditor(0x7facd3ae97b0, 0xc20804e3c0, 0xc208034410)
	/home/xiaoju/gopath/src/github.com/open-falcon/query/http/grafana.go:183 +0x1f5
github.com/open-falcon/query/http.GrafanaApiParser(0x7facd3ae97b0, 0xc20804e3c0, 0xc208034410)
	/home/xiaoju/gopath/src/github.com/open-falcon/query/http/grafana.go:277 +0x90
net/http.HandlerFunc.ServeHTTP(0x8c2b68, 0x7facd3ae97b0, 0xc20804e3c0, 0xc208034410)
	/home/xiaoju/go/src/net/http/server.go:1265 +0x41
net/http.(*ServeMux).ServeHTTP(0xc20800a870, 0x7facd3ae97b0, 0xc20804e3c0, 0xc208034410)
	/home/xiaoju/go/src/net/http/server.go:1541 +0x17d
net/http.serverHandler.ServeHTTP(0xc20805e120, 0x7facd3ae97b0, 0xc20804e3c0, 0xc208034410)
	/home/xiaoju/go/src/net/http/server.go:1703 +0x19a
net/http.(*conn).serve(0xc2080e8280)
	/home/xiaoju/go/src/net/http/server.go:1204 +0xb57
created by net/http.(*Server).Serve
	/home/xiaoju/go/src/net/http/server.go:1751 +0x35e
2016/08/16 13:55:40 Error = Get http://127.0.0.1:8081/api/endpoints?q=&tags&limit=500&_r=0.35447285&regex_query=1: dial tcp 127.0.0.1:8081: connection refused
2016/08/16 13:55:40 http: panic serving 127.0.0.1:57874: runtime error: invalid memory address or nil pointer dereference
goroutine 34 [running]:
net/http.func·011()
	/home/xiaoju/go/src/net/http/server.go:1130 +0xbb
github.com/open-falcon/query/http.getRequest(0x7facd3ae97b0, 0xc2080e81e0, 0xc2080ea2a0, 0x51)
	/home/xiaoju/gopath/src/github.com/open-falcon/query/http/api.go:54 +0x512
github.com/open-falcon/query/http.dashboardEndpoints(0x7facd3ae97b0, 0xc2080e81e0, 0xc208034b60)
	/home/xiaoju/gopath/src/github.com/open-falcon/query/http/api.go:63 +0xae
net/http.HandlerFunc.ServeHTTP(0x8c2b80, 0x7facd3ae97b0, 0xc2080e81e0, 0xc208034b60)
	/home/xiaoju/go/src/net/http/server.go:1265 +0x41
net/http.(*ServeMux).ServeHTTP(0xc20800a870, 0x7facd3ae97b0, 0xc2080e81e0, 0xc208034b60)
	/home/xiaoju/go/src/net/http/server.go:1541 +0x17d
net/http.serverHandler.ServeHTTP(0xc20805e120, 0x7facd3ae97b0, 0xc2080e81e0, 0xc208034b60)
	/home/xiaoju/go/src/net/http/server.go:1703 +0x19a
net/http.(*conn).serve(0xc2080e8140)
	/home/xiaoju/go/src/net/http/server.go:1204 +0xb57
created by net/http.(*Server).Serve
	/home/xiaoju/go/src/net/http/server.go:1751 +0x35e
2016/08/16 13:55:40 http: panic serving 112.74.16.228:60787: runtime error: invalid memory address or nil pointer dereference
goroutine 33 [running]:
net/http.func·011()
	/home/xiaoju/go/src/net/http/server.go:1130 +0xbb
github.com/open-falcon/query/http.getHosts(0x7facd3ae97b0, 0xc20804e0a0, 0xc2080349c0, 0xc2080785ee, 0x0)
	/home/xiaoju/gopath/src/github.com/open-falcon/query/http/grafana.go:70 +0xc0a
github.com/open-falcon/query/http.setQueryEditor(0x7facd3ae97b0, 0xc20804e0a0, 0xc2080349c0)
	/home/xiaoju/gopath/src/github.com/open-falcon/query/http/grafana.go:183 +0x1f5
github.com/open-falcon/query/http.GrafanaApiParser(0x7facd3ae97b0, 0xc20804e0a0, 0xc2080349c0)
	/home/xiaoju/gopath/src/github.com/open-falcon/query/http/grafana.go:277 +0x90
net/http.HandlerFunc.ServeHTTP(0x8c2b68, 0x7facd3ae97b0, 0xc20804e0a0, 0xc2080349c0)
	/home/xiaoju/go/src/net/http/server.go:1265 +0x41
net/http.(*ServeMux).ServeHTTP(0xc20800a870, 0x7facd3ae97b0, 0xc20804e0a0, 0xc2080349c0)
	/home/xiaoju/go/src/net/http/server.go:1541 +0x17d
net/http.serverHandler.ServeHTTP(0xc20805e120, 0x7facd3ae97b0, 0xc20804e0a0, 0xc2080349c0)
	/home/xiaoju/go/src/net/http/server.go:1703 +0x19a
net/http.(*conn).serve(0xc2080e8000)
	/home/xiaoju/go/src/net/http/server.go:1204 +0xb57
created by net/http.(*Server).Serve
	/home/xiaoju/go/src/net/http/server.go:1751 +0x35e
2016/08/16 14:00:03 Error = Get http://127.0.0.1:8081/api/endpoints?q=&tags&limit=500&_r=0.5432157&regex_query=1: dial tcp 127.0.0.1:8081: connection refused
2016/08/16 14:00:03 http: panic serving 127.0.0.1:57927: runtime error: invalid memory address or nil pointer dereference
goroutine 40 [running]:
net/http.func·011()
	/home/xiaoju/go/src/net/http/server.go:1130 +0xbb
github.com/open-falcon/query/http.getRequest(0x7facd3ae97b0, 0xc2080d40a0, 0xc2080761e0, 0x50)
	/home/xiaoju/gopath/src/github.com/open-falcon/query/http/api.go:54 +0x512
github.com/open-falcon/query/http.dashboardEndpoints(0x7facd3ae97b0, 0xc2080d40a0, 0xc2080344e0)
	/home/xiaoju/gopath/src/github.com/open-falcon/query/http/api.go:63 +0xae
net/http.HandlerFunc.ServeHTTP(0x8c2b80, 0x7facd3ae97b0, 0xc2080d40a0, 0xc2080344e0)
	/home/xiaoju/go/src/net/http/server.go:1265 +0x41
net/http.(*ServeMux).ServeHTTP(0xc20800a870, 0x7facd3ae97b0, 0xc2080d40a0, 0xc2080344e0)
	/home/xiaoju/go/src/net/http/server.go:1541 +0x17d
net/http.serverHandler.ServeHTTP(0xc20805e120, 0x7facd3ae97b0, 0xc2080d40a0, 0xc2080344e0)
	/home/xiaoju/go/src/net/http/server.go:1703 +0x19a
net/http.(*conn).serve(0xc2080d4000)
	/home/xiaoju/go/src/net/http/server.go:1204 +0xb57
created by net/http.(*Server).Serve
	/home/xiaoju/go/src/net/http/server.go:1751 +0x35e
2016/08/16 14:00:03 http: panic serving 112.74.16.228:60840: runtime error: invalid memory address or nil pointer dereference
goroutine 28 [running]:
net/http.func·011()
	/home/xiaoju/go/src/net/http/server.go:1130 +0xbb
github.com/open-falcon/query/http.getHosts(0x7facd3ae97b0, 0xc20804e0a0, 0xc2080f6000, 0xc20800b7ee, 0x0)
	/home/xiaoju/gopath/src/github.com/open-falcon/query/http/grafana.go:70 +0xc0a
github.com/open-falcon/query/http.setQueryEditor(0x7facd3ae97b0, 0xc20804e0a0, 0xc2080f6000)
	/home/xiaoju/gopath/src/github.com/open-falcon/query/http/grafana.go:183 +0x1f5
github.com/open-falcon/query/http.GrafanaApiParser(0x7facd3ae97b0, 0xc20804e0a0, 0xc2080f6000)
	/home/xiaoju/gopath/src/github.com/open-falcon/query/http/grafana.go:277 +0x90
net/http.HandlerFunc.ServeHTTP(0x8c2b68, 0x7facd3ae97b0, 0xc20804e0a0, 0xc2080f6000)
	/home/xiaoju/go/src/net/http/server.go:1265 +0x41
net/http.(*ServeMux).ServeHTTP(0xc20800a870, 0x7facd3ae97b0, 0xc20804e0a0, 0xc2080f6000)
	/home/xiaoju/go/src/net/http/server.go:1541 +0x17d
net/http.serverHandler.ServeHTTP(0xc20805e120, 0x7facd3ae97b0, 0xc20804e0a0, 0xc2080f6000)
	/home/xiaoju/go/src/net/http/server.go:1703 +0x19a
net/http.(*conn).serve(0xc20804e000)
	/home/xiaoju/go/src/net/http/server.go:1204 +0xb57
created by net/http.(*Server).Serve
	/home/xiaoju/go/src/net/http/server.go:1751 +0x35e
2016/08/16 14:38:06 Error = Get http://127.0.0.1:8081/api/endpoints?q=&tags&limit=500&_r=0.64624965&regex_query=1: dial tcp 127.0.0.1:8081: connection refused
2016/08/16 14:38:06 http: panic serving 127.0.0.1:58321: runtime error: invalid memory address or nil pointer dereference
goroutine 49 [running]:
net/http.func·011()
	/home/xiaoju/go/src/net/http/server.go:1130 +0xbb
github.com/open-falcon/query/http.getRequest(0x7facd3ae97b0, 0xc20804e3c0, 0xc20805e360, 0x51)
	/home/xiaoju/gopath/src/github.com/open-falcon/query/http/api.go:54 +0x512
github.com/open-falcon/query/http.dashboardEndpoints(0x7facd3ae97b0, 0xc20804e3c0, 0xc2080f6270)
	/home/xiaoju/gopath/src/github.com/open-falcon/query/http/api.go:63 +0xae
net/http.HandlerFunc.ServeHTTP(0x8c2b80, 0x7facd3ae97b0, 0xc20804e3c0, 0xc2080f6270)
	/home/xiaoju/go/src/net/http/server.go:1265 +0x41
net/http.(*ServeMux).ServeHTTP(0xc20800a870, 0x7facd3ae97b0, 0xc20804e3c0, 0xc2080f6270)
	/home/xiaoju/go/src/net/http/server.go:1541 +0x17d
net/http.serverHandler.ServeHTTP(0xc20805e120, 0x7facd3ae97b0, 0xc20804e3c0, 0xc2080f6270)
	/home/xiaoju/go/src/net/http/server.go:1703 +0x19a
net/http.(*conn).serve(0xc20804e0a0)
	/home/xiaoju/go/src/net/http/server.go:1204 +0xb57
created by net/http.(*Server).Serve
	/home/xiaoju/go/src/net/http/server.go:1751 +0x35e
2016/08/16 14:38:06 http: panic serving 10.44.68.96:56726: runtime error: invalid memory address or nil pointer dereference
goroutine 30 [running]:
net/http.func·011()
	/home/xiaoju/go/src/net/http/server.go:1130 +0xbb
github.com/open-falcon/query/http.getHosts(0x7facd3ae97b0, 0xc208082000, 0xc2080f6000, 0xc2080781fe, 0x0)
	/home/xiaoju/gopath/src/github.com/open-falcon/query/http/grafana.go:70 +0xc0a
github.com/open-falcon/query/http.setQueryEditor(0x7facd3ae97b0, 0xc208082000, 0xc2080f6000)
	/home/xiaoju/gopath/src/github.com/open-falcon/query/http/grafana.go:183 +0x1f5
github.com/open-falcon/query/http.GrafanaApiParser(0x7facd3ae97b0, 0xc208082000, 0xc2080f6000)
	/home/xiaoju/gopath/src/github.com/open-falcon/query/http/grafana.go:277 +0x90
net/http.HandlerFunc.ServeHTTP(0x8c2b68, 0x7facd3ae97b0, 0xc208082000, 0xc2080f6000)
	/home/xiaoju/go/src/net/http/server.go:1265 +0x41
net/http.(*ServeMux).ServeHTTP(0xc20800a870, 0x7facd3ae97b0, 0xc208082000, 0xc2080f6000)
	/home/xiaoju/go/src/net/http/server.go:1541 +0x17d
net/http.serverHandler.ServeHTTP(0xc20805e120, 0x7facd3ae97b0, 0xc208082000, 0xc2080f6000)
	/home/xiaoju/go/src/net/http/server.go:1703 +0x19a
net/http.(*conn).serve(0xc20804e000)
	/home/xiaoju/go/src/net/http/server.go:1204 +0xb57
created by net/http.(*Server).Serve
	/home/xiaoju/go/src/net/http/server.go:1751 +0x35e
2016/08/16 14:40:03 Error = Get http://127.0.0.1:8081/api/endpoints?q=&tags&limit=500&_r=0.4223521&regex_query=1: dial tcp 127.0.0.1:8081: connection refused
2016/08/16 14:40:03 http: panic serving 127.0.0.1:58343: runtime error: invalid memory address or nil pointer dereference
goroutine 51 [running]:
net/http.func·011()
	/home/xiaoju/go/src/net/http/server.go:1130 +0xbb
github.com/open-falcon/query/http.getRequest(0x7facd3ae97b0, 0xc20804eaa0, 0xc20803ca50, 0x50)
	/home/xiaoju/gopath/src/github.com/open-falcon/query/http/api.go:54 +0x512
github.com/open-falcon/query/http.dashboardEndpoints(0x7facd3ae97b0, 0xc20804eaa0, 0xc2080f6680)
	/home/xiaoju/gopath/src/github.com/open-falcon/query/http/api.go:63 +0xae
net/http.HandlerFunc.ServeHTTP(0x8c2b80, 0x7facd3ae97b0, 0xc20804eaa0, 0xc2080f6680)
	/home/xiaoju/go/src/net/http/server.go:1265 +0x41
net/http.(*ServeMux).ServeHTTP(0xc20800a870, 0x7facd3ae97b0, 0xc20804eaa0, 0xc2080f6680)
	/home/xiaoju/go/src/net/http/server.go:1541 +0x17d
net/http.serverHandler.ServeHTTP(0xc20805e120, 0x7facd3ae97b0, 0xc20804eaa0, 0xc2080f6680)
	/home/xiaoju/go/src/net/http/server.go:1703 +0x19a
net/http.(*conn).serve(0xc20804e320)
	/home/xiaoju/go/src/net/http/server.go:1204 +0xb57
created by net/http.(*Server).Serve
	/home/xiaoju/go/src/net/http/server.go:1751 +0x35e
2016/08/16 14:40:03 http: panic serving 113.68.152.144:57687: runtime error: invalid memory address or nil pointer dereference
goroutine 43 [running]:
net/http.func·011()
	/home/xiaoju/go/src/net/http/server.go:1130 +0xbb
github.com/open-falcon/query/http.getHosts(0x7facd3ae97b0, 0xc208082140, 0xc2080f65b0, 0xc20807867f, 0x0)
	/home/xiaoju/gopath/src/github.com/open-falcon/query/http/grafana.go:70 +0xc0a
github.com/open-falcon/query/http.setQueryEditor(0x7facd3ae97b0, 0xc208082140, 0xc2080f65b0)
	/home/xiaoju/gopath/src/github.com/open-falcon/query/http/grafana.go:183 +0x1f5
github.com/open-falcon/query/http.GrafanaApiParser(0x7facd3ae97b0, 0xc208082140, 0xc2080f65b0)
	/home/xiaoju/gopath/src/github.com/open-falcon/query/http/grafana.go:277 +0x90
net/http.HandlerFunc.ServeHTTP(0x8c2b68, 0x7facd3ae97b0, 0xc208082140, 0xc2080f65b0)
	/home/xiaoju/go/src/net/http/server.go:1265 +0x41
net/http.(*ServeMux).ServeHTTP(0xc20800a870, 0x7facd3ae97b0, 0xc208082140, 0xc2080f65b0)
	/home/xiaoju/go/src/net/http/server.go:1541 +0x17d
net/http.serverHandler.ServeHTTP(0xc20805e120, 0x7facd3ae97b0, 0xc208082140, 0xc2080f65b0)
	/home/xiaoju/go/src/net/http/server.go:1703 +0x19a
net/http.(*conn).serve(0xc2080820a0)
	/home/xiaoju/go/src/net/http/server.go:1204 +0xb57
created by net/http.(*Server).Serve
	/home/xiaoju/go/src/net/http/server.go:1751 +0x35e
2016/08/16 14:40:03 Error = Get http://127.0.0.1:8081/api/endpoints?q=&tags&limit=500&_r=0.4620599&regex_query=1: dial tcp 127.0.0.1:8081: connection refused
2016/08/16 14:40:03 http: panic serving 127.0.0.1:58345: runtime error: invalid memory address or nil pointer dereference
goroutine 46 [running]:
net/http.func·011()
	/home/xiaoju/go/src/net/http/server.go:1130 +0xbb
github.com/open-falcon/query/http.getRequest(0x7facd3ae97b0, 0xc2080821e0, 0xc208076320, 0x50)
	/home/xiaoju/gopath/src/github.com/open-falcon/query/http/api.go:54 +0x512
github.com/open-falcon/query/http.dashboardEndpoints(0x7facd3ae97b0, 0xc2080821e0, 0xc2080f6270)
	/home/xiaoju/gopath/src/github.com/open-falcon/query/http/api.go:63 +0xae
net/http.HandlerFunc.ServeHTTP(0x8c2b80, 0x7facd3ae97b0, 0xc2080821e0, 0xc2080f6270)
	/home/xiaoju/go/src/net/http/server.go:1265 +0x41
net/http.(*ServeMux).ServeHTTP(0xc20800a870, 0x7facd3ae97b0, 0xc2080821e0, 0xc2080f6270)
	/home/xiaoju/go/src/net/http/server.go:1541 +0x17d
net/http.serverHandler.ServeHTTP(0xc20805e120, 0x7facd3ae97b0, 0xc2080821e0, 0xc2080f6270)
	/home/xiaoju/go/src/net/http/server.go:1703 +0x19a
net/http.(*conn).serve(0xc20804e0a0)
	/home/xiaoju/go/src/net/http/server.go:1204 +0xb57
created by net/http.(*Server).Serve
	/home/xiaoju/go/src/net/http/server.go:1751 +0x35e
2016/08/16 14:40:03 http: panic serving 113.68.152.144:57688: runtime error: invalid memory address or nil pointer dereference
goroutine 45 [running]:
net/http.func·011()
	/home/xiaoju/go/src/net/http/server.go:1130 +0xbb
github.com/open-falcon/query/http.getHosts(0x7facd3ae97b0, 0xc208082000, 0xc208034410, 0xc20800b75f, 0x0)
	/home/xiaoju/gopath/src/github.com/open-falcon/query/http/grafana.go:70 +0xc0a
github.com/open-falcon/query/http.setQueryEditor(0x7facd3ae97b0, 0xc208082000, 0xc208034410)
	/home/xiaoju/gopath/src/github.com/open-falcon/query/http/grafana.go:183 +0x1f5
github.com/open-falcon/query/http.GrafanaApiParser(0x7facd3ae97b0, 0xc208082000, 0xc208034410)
	/home/xiaoju/gopath/src/github.com/open-falcon/query/http/grafana.go:277 +0x90
net/http.HandlerFunc.ServeHTTP(0x8c2b68, 0x7facd3ae97b0, 0xc208082000, 0xc208034410)
	/home/xiaoju/go/src/net/http/server.go:1265 +0x41
net/http.(*ServeMux).ServeHTTP(0xc20800a870, 0x7facd3ae97b0, 0xc208082000, 0xc208034410)
	/home/xiaoju/go/src/net/http/server.go:1541 +0x17d
net/http.serverHandler.ServeHTTP(0xc20805e120, 0x7facd3ae97b0, 0xc208082000, 0xc208034410)
	/home/xiaoju/go/src/net/http/server.go:1703 +0x19a
net/http.(*conn).serve(0xc20804e000)
	/home/xiaoju/go/src/net/http/server.go:1204 +0xb57
created by net/http.(*Server).Serve
	/home/xiaoju/go/src/net/http/server.go:1751 +0x35e
2016/08/16 14:40:03 Error = Get http://127.0.0.1:8081/api/endpoints?q=&tags&limit=500&_r=0.85352117&regex_query=1: dial tcp 127.0.0.1:8081: connection refused
2016/08/16 14:40:03 http: panic serving 127.0.0.1:58347: runtime error: invalid memory address or nil pointer dereference
goroutine 48 [running]:
net/http.func·011()
	/home/xiaoju/go/src/net/http/server.go:1130 +0xbb
github.com/open-falcon/query/http.getRequest(0x7facd3ae97b0, 0xc20804e640, 0xc20805e5a0, 0x51)
	/home/xiaoju/gopath/src/github.com/open-falcon/query/http/api.go:54 +0x512
github.com/open-falcon/query/http.dashboardEndpoints(0x7facd3ae97b0, 0xc20804e640, 0xc2080f6820)
	/home/xiaoju/gopath/src/github.com/open-falcon/query/http/api.go:63 +0xae
net/http.HandlerFunc.ServeHTTP(0x8c2b80, 0x7facd3ae97b0, 0xc20804e640, 0xc2080f6820)
	/home/xiaoju/go/src/net/http/server.go:1265 +0x41
net/http.(*ServeMux).ServeHTTP(0xc20800a870, 0x7facd3ae97b0, 0xc20804e640, 0xc2080f6820)
	/home/xiaoju/go/src/net/http/server.go:1541 +0x17d
net/http.serverHandler.ServeHTTP(0xc20805e120, 0x7facd3ae97b0, 0xc20804e640, 0xc2080f6820)
	/home/xiaoju/go/src/net/http/server.go:1703 +0x19a
net/http.(*conn).serve(0xc20804eb40)
	/home/xiaoju/go/src/net/http/server.go:1204 +0xb57
created by net/http.(*Server).Serve
	/home/xiaoju/go/src/net/http/server.go:1751 +0x35e
2016/08/16 14:40:03 http: panic serving 113.68.152.144:57689: runtime error: invalid memory address or nil pointer dereference
goroutine 47 [running]:
net/http.func·011()
	/home/xiaoju/go/src/net/http/server.go:1130 +0xbb
github.com/open-falcon/query/http.getHosts(0x7facd3ae97b0, 0xc208082280, 0xc2080f6750, 0xc2080785ef, 0x0)
	/home/xiaoju/gopath/src/github.com/open-falcon/query/http/grafana.go:70 +0xc0a
github.com/open-falcon/query/http.setQueryEditor(0x7facd3ae97b0, 0xc208082280, 0xc2080f6750)
	/home/xiaoju/gopath/src/github.com/open-falcon/query/http/grafana.go:183 +0x1f5
github.com/open-falcon/query/http.GrafanaApiParser(0x7facd3ae97b0, 0xc208082280, 0xc2080f6750)
	/home/xiaoju/gopath/src/github.com/open-falcon/query/http/grafana.go:277 +0x90
net/http.HandlerFunc.ServeHTTP(0x8c2b68, 0x7facd3ae97b0, 0xc208082280, 0xc2080f6750)
	/home/xiaoju/go/src/net/http/server.go:1265 +0x41
net/http.(*ServeMux).ServeHTTP(0xc20800a870, 0x7facd3ae97b0, 0xc208082280, 0xc2080f6750)
	/home/xiaoju/go/src/net/http/server.go:1541 +0x17d
net/http.serverHandler.ServeHTTP(0xc20805e120, 0x7facd3ae97b0, 0xc208082280, 0xc2080f6750)
	/home/xiaoju/go/src/net/http/server.go:1703 +0x19a
net/http.(*conn).serve(0xc20804e3c0)
	/home/xiaoju/go/src/net/http/server.go:1204 +0xb57
created by net/http.(*Server).Serve
	/home/xiaoju/go/src/net/http/server.go:1751 +0x35e
2016/08/16 14:40:04 Error = Get http://127.0.0.1:8081/api/endpoints?q=&tags&limit=500&_r=0.4836154&regex_query=1: dial tcp 127.0.0.1:8081: connection refused
2016/08/16 14:40:04 http: panic serving 127.0.0.1:58349: runtime error: invalid memory address or nil pointer dereference
goroutine 62 [running]:
net/http.func·011()
	/home/xiaoju/go/src/net/http/server.go:1130 +0xbb
github.com/open-falcon/query/http.getRequest(0x7facd3ae97b0, 0xc20804e0a0, 0xc20803c960, 0x50)
	/home/xiaoju/gopath/src/github.com/open-falcon/query/http/api.go:54 +0x512
github.com/open-falcon/query/http.dashboardEndpoints(0x7facd3ae97b0, 0xc20804e0a0, 0xc2080f6000)
	/home/xiaoju/gopath/src/github.com/open-falcon/query/http/api.go:63 +0xae
net/http.HandlerFunc.ServeHTTP(0x8c2b80, 0x7facd3ae97b0, 0xc20804e0a0, 0xc2080f6000)
	/home/xiaoju/go/src/net/http/server.go:1265 +0x41
net/http.(*ServeMux).ServeHTTP(0xc20800a870, 0x7facd3ae97b0, 0xc20804e0a0, 0xc2080f6000)
	/home/xiaoju/go/src/net/http/server.go:1541 +0x17d
net/http.serverHandler.ServeHTTP(0xc20805e120, 0x7facd3ae97b0, 0xc20804e0a0, 0xc2080f6000)
	/home/xiaoju/go/src/net/http/server.go:1703 +0x19a
net/http.(*conn).serve(0xc20804e000)
	/home/xiaoju/go/src/net/http/server.go:1204 +0xb57
created by net/http.(*Server).Serve
	/home/xiaoju/go/src/net/http/server.go:1751 +0x35e
2016/08/16 14:40:04 http: panic serving 113.68.152.144:57693: runtime error: invalid memory address or nil pointer dereference
goroutine 66 [running]:
net/http.func·011()
	/home/xiaoju/go/src/net/http/server.go:1130 +0xbb
github.com/open-falcon/query/http.getHosts(0x7facd3ae97b0, 0xc2080820a0, 0xc2080344e0, 0xc20800b7ef, 0x0)
	/home/xiaoju/gopath/src/github.com/open-falcon/query/http/grafana.go:70 +0xc0a
github.com/open-falcon/query/http.setQueryEditor(0x7facd3ae97b0, 0xc2080820a0, 0xc2080344e0)
	/home/xiaoju/gopath/src/github.com/open-falcon/query/http/grafana.go:183 +0x1f5
github.com/open-falcon/query/http.GrafanaApiParser(0x7facd3ae97b0, 0xc2080820a0, 0xc2080344e0)
	/home/xiaoju/gopath/src/github.com/open-falcon/query/http/grafana.go:277 +0x90
net/http.HandlerFunc.ServeHTTP(0x8c2b68, 0x7facd3ae97b0, 0xc2080820a0, 0xc2080344e0)
	/home/xiaoju/go/src/net/http/server.go:1265 +0x41
net/http.(*ServeMux).ServeHTTP(0xc20800a870, 0x7facd3ae97b0, 0xc2080820a0, 0xc2080344e0)
	/home/xiaoju/go/src/net/http/server.go:1541 +0x17d
net/http.serverHandler.ServeHTTP(0xc20805e120, 0x7facd3ae97b0, 0xc2080820a0, 0xc2080344e0)
	/home/xiaoju/go/src/net/http/server.go:1703 +0x19a
net/http.(*conn).serve(0xc208082000)
	/home/xiaoju/go/src/net/http/server.go:1204 +0xb57
created by net/http.(*Server).Serve
	/home/xiaoju/go/src/net/http/server.go:1751 +0x35e
2016/08/16 14:40:04 Error = Get http://127.0.0.1:8081/api/endpoints?q=&tags&limit=500&_r=0.017082307&regex_query=1: dial tcp 127.0.0.1:8081: connection refused
2016/08/16 14:40:04 http: panic serving 127.0.0.1:58351: runtime error: invalid memory address or nil pointer dereference
goroutine 83 [running]:
net/http.func·011()
	/home/xiaoju/go/src/net/http/server.go:1130 +0xbb
github.com/open-falcon/query/http.getRequest(0x7facd3ae97b0, 0xc2080821e0, 0xc2080ea480, 0x52)
	/home/xiaoju/gopath/src/github.com/open-falcon/query/http/api.go:54 +0x512
github.com/open-falcon/query/http.dashboardEndpoints(0x7facd3ae97b0, 0xc2080821e0, 0xc208034b60)
	/home/xiaoju/gopath/src/github.com/open-falcon/query/http/api.go:63 +0xae
net/http.HandlerFunc.ServeHTTP(0x8c2b80, 0x7facd3ae97b0, 0xc2080821e0, 0xc208034b60)
	/home/xiaoju/go/src/net/http/server.go:1265 +0x41
net/http.(*ServeMux).ServeHTTP(0xc20800a870, 0x7facd3ae97b0, 0xc2080821e0, 0xc208034b60)
	/home/xiaoju/go/src/net/http/server.go:1541 +0x17d
net/http.serverHandler.ServeHTTP(0xc20805e120, 0x7facd3ae97b0, 0xc2080821e0, 0xc208034b60)
	/home/xiaoju/go/src/net/http/server.go:1703 +0x19a
net/http.(*conn).serve(0xc20804e640)
	/home/xiaoju/go/src/net/http/server.go:1204 +0xb57
created by net/http.(*Server).Serve
	/home/xiaoju/go/src/net/http/server.go:1751 +0x35e
2016/08/16 14:40:04 http: panic serving 113.68.152.144:57694: runtime error: invalid memory address or nil pointer dereference
goroutine 68 [running]:
net/http.func·011()
	/home/xiaoju/go/src/net/http/server.go:1130 +0xbb
github.com/open-falcon/query/http.getHosts(0x7facd3ae97b0, 0xc20804e320, 0xc208034820, 0xc20807891f, 0x0)
	/home/xiaoju/gopath/src/github.com/open-falcon/query/http/grafana.go:70 +0xc0a
github.com/open-falcon/query/http.setQueryEditor(0x7facd3ae97b0, 0xc20804e320, 0xc208034820)
	/home/xiaoju/gopath/src/github.com/open-falcon/query/http/grafana.go:183 +0x1f5
github.com/open-falcon/query/http.GrafanaApiParser(0x7facd3ae97b0, 0xc20804e320, 0xc208034820)
	/home/xiaoju/gopath/src/github.com/open-falcon/query/http/grafana.go:277 +0x90
net/http.HandlerFunc.ServeHTTP(0x8c2b68, 0x7facd3ae97b0, 0xc20804e320, 0xc208034820)
	/home/xiaoju/go/src/net/http/server.go:1265 +0x41
net/http.(*ServeMux).ServeHTTP(0xc20800a870, 0x7facd3ae97b0, 0xc20804e320, 0xc208034820)
	/home/xiaoju/go/src/net/http/server.go:1541 +0x17d
net/http.serverHandler.ServeHTTP(0xc20805e120, 0x7facd3ae97b0, 0xc20804e320, 0xc208034820)
	/home/xiaoju/go/src/net/http/server.go:1703 +0x19a
net/http.(*conn).serve(0xc208082140)
	/home/xiaoju/go/src/net/http/server.go:1204 +0xb57
created by net/http.(*Server).Serve
	/home/xiaoju/go/src/net/http/server.go:1751 +0x35e
2016/08/16 14:40:04 Error = Get http://127.0.0.1:8081/api/endpoints?q=&tags&limit=500&_r=0.86014384&regex_query=1: dial tcp 127.0.0.1:8081: connection refused
2016/08/16 14:40:04 http: panic serving 127.0.0.1:58353: runtime error: invalid memory address or nil pointer dereference
goroutine 84 [running]:
net/http.func·011()
	/home/xiaoju/go/src/net/http/server.go:1130 +0xbb
github.com/open-falcon/query/http.getRequest(0x7facd3ae97b0, 0xc20804e000, 0xc20805e2a0, 0x51)
	/home/xiaoju/gopath/src/github.com/open-falcon/query/http/api.go:54 +0x512
github.com/open-falcon/query/http.dashboardEndpoints(0x7facd3ae97b0, 0xc20804e000, 0xc2080f65b0)
	/home/xiaoju/gopath/src/github.com/open-falcon/query/http/api.go:63 +0xae
net/http.HandlerFunc.ServeHTTP(0x8c2b80, 0x7facd3ae97b0, 0xc20804e000, 0xc2080f65b0)
	/home/xiaoju/go/src/net/http/server.go:1265 +0x41
net/http.(*ServeMux).ServeHTTP(0xc20800a870, 0x7facd3ae97b0, 0xc20804e000, 0xc2080f65b0)
	/home/xiaoju/go/src/net/http/server.go:1541 +0x17d
net/http.serverHandler.ServeHTTP(0xc20805e120, 0x7facd3ae97b0, 0xc20804e000, 0xc2080f65b0)
	/home/xiaoju/go/src/net/http/server.go:1703 +0x19a
net/http.(*conn).serve(0xc20804eaa0)
	/home/xiaoju/go/src/net/http/server.go:1204 +0xb57
created by net/http.(*Server).Serve
	/home/xiaoju/go/src/net/http/server.go:1751 +0x35e
2016/08/16 14:40:04 http: panic serving 113.68.152.144:57695: runtime error: invalid memory address or nil pointer dereference
goroutine 72 [running]:
net/http.func·011()
	/home/xiaoju/go/src/net/http/server.go:1130 +0xbb
github.com/open-falcon/query/http.getHosts(0x7facd3ae97b0, 0xc208082460, 0xc208034f70, 0xc20808a61f, 0x0)
	/home/xiaoju/gopath/src/github.com/open-falcon/query/http/grafana.go:70 +0xc0a
github.com/open-falcon/query/http.setQueryEditor(0x7facd3ae97b0, 0xc208082460, 0xc208034f70)
	/home/xiaoju/gopath/src/github.com/open-falcon/query/http/grafana.go:183 +0x1f5
github.com/open-falcon/query/http.GrafanaApiParser(0x7facd3ae97b0, 0xc208082460, 0xc208034f70)
	/home/xiaoju/gopath/src/github.com/open-falcon/query/http/grafana.go:277 +0x90
net/http.HandlerFunc.ServeHTTP(0x8c2b68, 0x7facd3ae97b0, 0xc208082460, 0xc208034f70)
	/home/xiaoju/go/src/net/http/server.go:1265 +0x41
net/http.(*ServeMux).ServeHTTP(0xc20800a870, 0x7facd3ae97b0, 0xc208082460, 0xc208034f70)
	/home/xiaoju/go/src/net/http/server.go:1541 +0x17d
net/http.serverHandler.ServeHTTP(0xc20805e120, 0x7facd3ae97b0, 0xc208082460, 0xc208034f70)
	/home/xiaoju/go/src/net/http/server.go:1703 +0x19a
net/http.(*conn).serve(0xc2080823c0)
	/home/xiaoju/go/src/net/http/server.go:1204 +0xb57
created by net/http.(*Server).Serve
	/home/xiaoju/go/src/net/http/server.go:1751 +0x35e
2016/08/16 14:40:07 Error = Get http://127.0.0.1:8081/api/endpoints?q=&tags&limit=500&_r=0.8909202&regex_query=1: dial tcp 127.0.0.1:8081: connection refused
2016/08/16 14:40:07 http: panic serving 127.0.0.1:58356: runtime error: invalid memory address or nil pointer dereference
goroutine 86 [running]:
net/http.func·011()
	/home/xiaoju/go/src/net/http/server.go:1130 +0xbb
github.com/open-falcon/query/http.getRequest(0x7facd3ae97b0, 0xc20804e320, 0xc20803ca50, 0x50)
	/home/xiaoju/gopath/src/github.com/open-falcon/query/http/api.go:54 +0x512
github.com/open-falcon/query/http.dashboardEndpoints(0x7facd3ae97b0, 0xc20804e320, 0xc2080345b0)
	/home/xiaoju/gopath/src/github.com/open-falcon/query/http/api.go:63 +0xae
net/http.HandlerFunc.ServeHTTP(0x8c2b80, 0x7facd3ae97b0, 0xc20804e320, 0xc2080345b0)
	/home/xiaoju/go/src/net/http/server.go:1265 +0x41
net/http.(*ServeMux).ServeHTTP(0xc20800a870, 0x7facd3ae97b0, 0xc20804e320, 0xc2080345b0)
	/home/xiaoju/go/src/net/http/server.go:1541 +0x17d
net/http.serverHandler.ServeHTTP(0xc20805e120, 0x7facd3ae97b0, 0xc20804e320, 0xc2080345b0)
	/home/xiaoju/go/src/net/http/server.go:1703 +0x19a
net/http.(*conn).serve(0xc2080820a0)
	/home/xiaoju/go/src/net/http/server.go:1204 +0xb57
created by net/http.(*Server).Serve
	/home/xiaoju/go/src/net/http/server.go:1751 +0x35e
2016/08/16 14:40:07 http: panic serving 112.74.16.228:33036: runtime error: invalid memory address or nil pointer dereference
goroutine 77 [running]:
net/http.func·011()
	/home/xiaoju/go/src/net/http/server.go:1130 +0xbb
github.com/open-falcon/query/http.getHosts(0x7facd3ae97b0, 0xc208082000, 0xc208034410, 0xc20800b75e, 0x0)
	/home/xiaoju/gopath/src/github.com/open-falcon/query/http/grafana.go:70 +0xc0a
github.com/open-falcon/query/http.setQueryEditor(0x7facd3ae97b0, 0xc208082000, 0xc208034410)
	/home/xiaoju/gopath/src/github.com/open-falcon/query/http/grafana.go:183 +0x1f5
github.com/open-falcon/query/http.GrafanaApiParser(0x7facd3ae97b0, 0xc208082000, 0xc208034410)
	/home/xiaoju/gopath/src/github.com/open-falcon/query/http/grafana.go:277 +0x90
net/http.HandlerFunc.ServeHTTP(0x8c2b68, 0x7facd3ae97b0, 0xc208082000, 0xc208034410)
	/home/xiaoju/go/src/net/http/server.go:1265 +0x41
net/http.(*ServeMux).ServeHTTP(0xc20800a870, 0x7facd3ae97b0, 0xc208082000, 0xc208034410)
	/home/xiaoju/go/src/net/http/server.go:1541 +0x17d
net/http.serverHandler.ServeHTTP(0xc20805e120, 0x7facd3ae97b0, 0xc208082000, 0xc208034410)
	/home/xiaoju/go/src/net/http/server.go:1703 +0x19a
net/http.(*conn).serve(0xc20804e0a0)
	/home/xiaoju/go/src/net/http/server.go:1204 +0xb57
created by net/http.(*Server).Serve
	/home/xiaoju/go/src/net/http/server.go:1751 +0x35e
2016/08/19 15:54:52 Error = Get http://127.0.0.1:8081/api/endpoints?q=.*&tags&limit=500&_r=0.46852732&regex_query=1: dial tcp 127.0.0.1:8081: connection refused
2016/08/19 15:54:52 http: panic serving 127.0.0.1:38117: runtime error: invalid memory address or nil pointer dereference
goroutine 1793 [running]:
net/http.func·011()
	/home/xiaoju/go/src/net/http/server.go:1130 +0xbb
github.com/open-falcon/query/http.getRequest(0x7facd3ae97b0, 0xc2080d6280, 0xc2080d4180, 0x53)
	/home/xiaoju/gopath/src/github.com/open-falcon/query/http/api.go:54 +0x512
github.com/open-falcon/query/http.dashboardEndpoints(0x7facd3ae97b0, 0xc2080d6280, 0xc208034dd0)
	/home/xiaoju/gopath/src/github.com/open-falcon/query/http/api.go:63 +0xae
net/http.HandlerFunc.ServeHTTP(0x8c2b80, 0x7facd3ae97b0, 0xc2080d6280, 0xc208034dd0)
	/home/xiaoju/go/src/net/http/server.go:1265 +0x41
net/http.(*ServeMux).ServeHTTP(0xc20800a870, 0x7facd3ae97b0, 0xc2080d6280, 0xc208034dd0)
	/home/xiaoju/go/src/net/http/server.go:1541 +0x17d
net/http.serverHandler.ServeHTTP(0xc20805e120, 0x7facd3ae97b0, 0xc2080d6280, 0xc208034dd0)
	/home/xiaoju/go/src/net/http/server.go:1703 +0x19a
net/http.(*conn).serve(0xc2080d6320)
	/home/xiaoju/go/src/net/http/server.go:1204 +0xb57
created by net/http.(*Server).Serve
	/home/xiaoju/go/src/net/http/server.go:1751 +0x35e
2016/08/19 15:54:52 http: panic serving 112.74.16.228:39189: runtime error: invalid memory address or nil pointer dereference
goroutine 5116 [running]:
net/http.func·011()
	/home/xiaoju/go/src/net/http/server.go:1130 +0xbb
github.com/open-falcon/query/http.getHosts(0x7facd3ae97b0, 0xc2080d6000, 0xc2080f6270, 0xc20812e024, 0x2)
	/home/xiaoju/gopath/src/github.com/open-falcon/query/http/grafana.go:70 +0xc0a
github.com/open-falcon/query/http.setQueryEditor(0x7facd3ae97b0, 0xc2080d6000, 0xc2080f6270)
	/home/xiaoju/gopath/src/github.com/open-falcon/query/http/grafana.go:183 +0x1f5
github.com/open-falcon/query/http.GrafanaApiParser(0x7facd3ae97b0, 0xc2080d6000, 0xc2080f6270)
	/home/xiaoju/gopath/src/github.com/open-falcon/query/http/grafana.go:277 +0x90
net/http.HandlerFunc.ServeHTTP(0x8c2b68, 0x7facd3ae97b0, 0xc2080d6000, 0xc2080f6270)
	/home/xiaoju/go/src/net/http/server.go:1265 +0x41
net/http.(*ServeMux).ServeHTTP(0xc20800a870, 0x7facd3ae97b0, 0xc2080d6000, 0xc2080f6270)
	/home/xiaoju/go/src/net/http/server.go:1541 +0x17d
net/http.serverHandler.ServeHTTP(0xc20805e120, 0x7facd3ae97b0, 0xc2080d6000, 0xc2080f6270)
	/home/xiaoju/go/src/net/http/server.go:1703 +0x19a
net/http.(*conn).serve(0xc2080d68c0)
	/home/xiaoju/go/src/net/http/server.go:1204 +0xb57
created by net/http.(*Server).Serve
	/home/xiaoju/go/src/net/http/server.go:1751 +0x35e
