2016-08-16 12:37:37 [30997] [INFO] Starting gunicorn 18.0
2016-08-16 12:37:37 [30997] [INFO] Listening at: http://0.0.0.0:8081 (30997)
2016-08-16 12:37:37 [30997] [INFO] Using worker: sync
2016-08-16 12:37:37 [31003] [INFO] Booting worker with pid: 31003
2016-08-16 12:37:37 [31006] [INFO] Booting worker with pid: 31006
2016-08-16 12:37:37 [31007] [INFO] Booting worker with pid: 31007
2016-08-16 12:37:37 [31012] [INFO] Booting worker with pid: 31012
2016-08-16 12:38:34 [30997] [INFO] Handling signal: term
2016-08-16 12:38:34 [31006] [INFO] Worker exiting (pid: 31006)
2016-08-16 12:38:34 [31007] [INFO] Worker exiting (pid: 31007)
2016-08-16 12:38:34 [31012] [INFO] Worker exiting (pid: 31012)
2016-08-16 12:38:34 [31003] [INFO] Worker exiting (pid: 31003)
2016-08-16 12:38:34 [30997] [INFO] Shutting down: Master
2016-08-16 14:51:58 [2564] [INFO] Starting gunicorn 18.0
2016-08-16 14:51:58 [2564] [INFO] Listening at: http://0.0.0.0:8081 (2564)
2016-08-16 14:51:58 [2564] [INFO] Using worker: sync
2016-08-16 14:51:58 [2570] [INFO] Booting worker with pid: 2570
2016-08-16 14:51:58 [2573] [INFO] Booting worker with pid: 2573
2016-08-16 14:51:58 [2576] [INFO] Booting worker with pid: 2576
2016-08-16 14:51:59 [2579] [INFO] Booting worker with pid: 2579
2016-08-16 16:49:45 [2564] [INFO] Handling signal: term
2016-08-16 16:49:45 [2576] [INFO] Worker exiting (pid: 2576)
2016-08-16 16:49:45 [2570] [INFO] Worker exiting (pid: 2570)
2016-08-16 16:49:45 [2573] [INFO] Worker exiting (pid: 2573)
2016-08-16 16:49:45 [2579] [INFO] Worker exiting (pid: 2579)
2016-08-16 16:49:45 [2564] [INFO] Shutting down: Master
2016-08-16 16:50:34 [3250] [INFO] Starting gunicorn 18.0
2016-08-16 16:50:34 [3250] [INFO] Listening at: http://0.0.0.0:8081 (3250)
2016-08-16 16:50:34 [3250] [INFO] Using worker: sync
2016-08-16 16:50:34 [3256] [INFO] Booting worker with pid: 3256
2016-08-16 16:50:34 [3257] [INFO] Booting worker with pid: 3257
2016-08-16 16:50:34 [3260] [INFO] Booting worker with pid: 3260
2016-08-16 16:50:34 [3263] [INFO] Booting worker with pid: 3263
2016-08-16 21:40:19 [3250] [INFO] Handling signal: term
2016-08-16 21:40:19 [3256] [INFO] Worker exiting (pid: 3256)
2016-08-16 21:40:19 [3260] [INFO] Worker exiting (pid: 3260)
2016-08-16 21:40:19 [3263] [INFO] Worker exiting (pid: 3263)
2016-08-16 21:40:19 [3257] [INFO] Worker exiting (pid: 3257)
2016-08-16 21:40:19 [3250] [INFO] Shutting down: Master
2016-08-19 15:56:03 [25223] [INFO] Starting gunicorn 18.0
2016-08-19 15:56:03 [25223] [INFO] Listening at: http://0.0.0.0:8081 (25223)
2016-08-19 15:56:03 [25223] [INFO] Using worker: sync
2016-08-19 15:56:03 [25229] [INFO] Booting worker with pid: 25229
2016-08-19 15:56:03 [25230] [INFO] Booting worker with pid: 25230
2016-08-19 15:56:03 [25231] [INFO] Booting worker with pid: 25231
2016-08-19 15:56:03 [25234] [INFO] Booting worker with pid: 25234
2016-08-19 16:00:38 [25223] [INFO] Handling signal: term
2016-08-19 16:00:38 [25229] [INFO] Worker exiting (pid: 25229)
2016-08-19 16:00:38 [25234] [INFO] Worker exiting (pid: 25234)
2016-08-19 16:00:38 [25231] [INFO] Worker exiting (pid: 25231)
2016-08-19 16:00:38 [25230] [INFO] Worker exiting (pid: 25230)
2016-08-19 16:00:38 [25223] [INFO] Shutting down: Master
2016-09-01 21:47:21 [28240] [INFO] Starting gunicorn 18.0
2016-09-01 21:47:21 [28240] [INFO] Listening at: http://0.0.0.0:8081 (28240)
2016-09-01 21:47:21 [28240] [INFO] Using worker: sync
2016-09-01 21:47:21 [28246] [INFO] Booting worker with pid: 28246
2016-09-01 21:47:21 [28247] [INFO] Booting worker with pid: 28247
2016-09-01 21:47:21 [28254] [INFO] Booting worker with pid: 28254
2016-09-01 21:47:21 [28255] [INFO] Booting worker with pid: 28255
2016-09-01 21:53:28 [28240] [INFO] Handling signal: term
2016-09-01 21:53:28 [28255] [INFO] Worker exiting (pid: 28255)
2016-09-01 21:53:28 [28254] [INFO] Worker exiting (pid: 28254)
2016-09-01 21:53:28 [28247] [INFO] Worker exiting (pid: 28247)
2016-09-01 21:53:28 [28246] [INFO] Worker exiting (pid: 28246)
2016-09-01 21:53:28 [28240] [INFO] Shutting down: Master
2016-09-02 11:09:50 [32203] [INFO] Starting gunicorn 18.0
2016-09-02 11:09:50 [32203] [INFO] Listening at: http://0.0.0.0:8081 (32203)
2016-09-02 11:09:50 [32203] [INFO] Using worker: sync
2016-09-02 11:09:50 [32209] [INFO] Booting worker with pid: 32209
2016-09-02 11:09:50 [32212] [INFO] Booting worker with pid: 32212
2016-09-02 11:09:50 [32213] [INFO] Booting worker with pid: 32213
2016-09-02 11:09:50 [32215] [INFO] Booting worker with pid: 32215
2016-09-02 11:48:32 [32203] [INFO] Handling signal: term
2016-09-02 11:48:32 [32212] [INFO] Worker exiting (pid: 32212)
2016-09-02 11:48:32 [32209] [INFO] Worker exiting (pid: 32209)
2016-09-02 11:48:32 [32213] [INFO] Worker exiting (pid: 32213)
2016-09-02 11:48:32 [32215] [INFO] Worker exiting (pid: 32215)
2016-09-02 11:48:32 [32203] [INFO] Shutting down: Master
2016-09-05 09:03:45 [19854] [INFO] Starting gunicorn 18.0
2016-09-05 09:03:45 [19854] [INFO] Listening at: http://0.0.0.0:8081 (19854)
2016-09-05 09:03:45 [19854] [INFO] Using worker: sync
2016-09-05 09:03:45 [19860] [INFO] Booting worker with pid: 19860
2016-09-05 09:03:45 [19861] [INFO] Booting worker with pid: 19861
2016-09-05 09:03:46 [19866] [INFO] Booting worker with pid: 19866
2016-09-05 09:03:46 [19870] [INFO] Booting worker with pid: 19870
2016-09-05 09:06:28 [19854] [INFO] Handling signal: term
2016-09-05 09:06:28 [19866] [INFO] Worker exiting (pid: 19866)
2016-09-05 09:06:28 [19860] [INFO] Worker exiting (pid: 19860)
2016-09-05 09:06:28 [19861] [INFO] Worker exiting (pid: 19861)
2016-09-05 09:06:28 [19870] [INFO] Worker exiting (pid: 19870)
2016-09-05 09:06:28 [19854] [INFO] Shutting down: Master
